<?xml version="1.0" encoding="UTF-8"?>
<!-- Generated by org.testng.reporters.JUnitXMLReporter -->
<testsuite hostname="LAPTOP-98AE8SAQ" ignored="0" name="Annotation Test" tests="5" failures="1" timestamp="2019-10-02T01:36:32 IST" time="0.091" errors="0">
  <testcase name="searchByVoice" time="0.019" classname="testNG.practice.com.PriorityGroupingDependsOn_TestNgPRactice">
    <failure type="java.lang.NullPointerException">
      <![CDATA[java.lang.NullPointerException
at testNG.practice.com.PriorityGroupingDependsOn_TestNgPRactice.searchByVoice(PriorityGroupingDependsOn_TestNgPRactice.java:48)
at java.util.ArrayList.forEach(ArrayList.java:1257)
... Removed 27 stack frames]]>
    </failure>
  </testcase> <!-- searchByVoice -->
  <testcase name="Test1" time="0.001" classname="testNG.practice.com.PriorityGroupingDependsOn_TestNgPRactice"/>
  <testcase name="Test3" time="0.002" classname="testNG.practice.com.PriorityGroupingDependsOn_TestNgPRactice"/>
  <testcase name="Test4" time="0.003" classname="testNG.practice.com.PriorityGroupingDependsOn_TestNgPRactice"/>
  <testcase name="Test2" time="0.002" classname="testNG.practice.com.PriorityGroupingDependsOn_TestNgPRactice"/>
</testsuite> <!-- Annotation Test -->
